<?xml version="1.0" encoding="UTF-8"?>
<!-- Generated by org.testng.reporters.JUnitXMLReporter -->
<testsuite ignored="0" hostname="DESKTOP-I3PT2JI" failures="0" tests="4" name="Default test" time="18.754" errors="0" timestamp="2021-04-08T12:56:06 ULAT">
  <testcase classname="com.qa.crmpro.tests.HomePageTest" name="verifyHomePageTitleTest" time="0.019"/>
  <testcase classname="com.qa.crmpro.tests.HomePageTest" name="verifyHomePageHeaderTest" time="0.121"/>
  <testcase classname="com.qa.crmpro.tests.HomePageTest" name="verifyHomePageLoggedInUserTest" time="0.065"/>
  <testcase classname="com.qa.crmpro.tests.HomePageTest" name="verifyHomePageUpgradeYourAccountLinkTest" time="0.151"/>
</testsuite> <!-- Default test -->
